# JRE version: Java(TM) SE Runtime Environment (8.0_271-b09) (build 1.8.0_271-b09)
# Java VM: Java HotSpot(TM) 64-Bit Server VM (25.271-b09 mixed mode windows-amd64 compressed oops)
Heap:
 PSYoungGen      total 567296K, used 273065K [0x00000000d5580000, 0x00000000fb380000, 0x0000000100000000)
  eden space 527872K, 51% used [0x00000000d5580000,0x00000000e602a788,0x00000000f5900000)
  from space 39424K, 0% used [0x00000000f8500000,0x00000000f8500000,0x00000000fab80000)
  to   space 45056K, 0% used [0x00000000f5900000,0x00000000f5900000,0x00000000f8500000)
 ParOldGen       total 223744K, used 82420K [0x0000000080000000, 0x000000008da80000, 0x00000000d5580000)
  object space 223744K, 36% used [0x0000000080000000,0x000000008507d070,0x000000008da80000)
 Metaspace       used 107524K, capacity 112420K, committed 112640K, reserved 1146880K
  class space    used 14270K, capacity 15255K, committed 15360K, reserved 1048576K
GC Heap History (10 events):
Event: 14.089 GC heap before
{Heap before GC invocations=12 (full 3):
 PSYoungGen      total 368640K, used 18932K [0x00000000d5580000, 0x00000000f3a00000, 0x0000000100000000)
  eden space 349696K, 0% used [0x00000000d5580000,0x00000000d5580000,0x00000000eab00000)
  from space 18944K, 99% used [0x00000000eab00000,0x00000000ebd7d310,0x00000000ebd80000)
  to   space 25600K, 0% used [0x00000000f2100000,0x00000000f2100000,0x00000000f3a00000)
 ParOldGen       total 88576K, used 28019K [0x0000000080000000, 0x0000000085680000, 0x00000000d5580000)
  object space 88576K, 31% used [0x0000000080000000,0x0000000081b5cde8,0x0000000085680000)
 Metaspace       used 56907K, capacity 58918K, committed 59136K, reserved 1099776K
  class space    used 7933K, capacity 8352K, committed 8448K, reserved 1048576K
Event: 14.304 GC heap after
Heap after GC invocations=12 (full 3):
 PSYoungGen      total 368640K, used 0K [0x00000000d5580000, 0x00000000f3a00000, 0x0000000100000000)
  eden space 349696K, 0% used [0x00000000d5580000,0x00000000d5580000,0x00000000eab00000)
  from space 18944K, 0% used [0x00000000eab00000,0x00000000eab00000,0x00000000ebd80000)
  to   space 25600K, 0% used [0x00000000f2100000,0x00000000f2100000,0x00000000f3a00000)
 ParOldGen       total 140800K, used 40907K [0x0000000080000000, 0x0000000088980000, 0x00000000d5580000)
  object space 140800K, 29% used [0x0000000080000000,0x00000000827f2f30,0x0000000088980000)
 Metaspace       used 56907K, capacity 58918K, committed 59136K, reserved 1099776K
  class space    used 7933K, capacity 8352K, committed 8448K, reserved 1048576K
}
Event: 21.756 GC heap before
{Heap before GC invocations=13 (full 3):
 PSYoungGen      total 368640K, used 349696K [0x00000000d5580000, 0x00000000f3a00000, 0x0000000100000000)
  eden space 349696K, 100% used [0x00000000d5580000,0x00000000eab00000,0x00000000eab00000)
  from space 18944K, 0% used [0x00000000eab00000,0x00000000eab00000,0x00000000ebd80000)
  to   space 25600K, 0% used [0x00000000f2100000,0x00000000f2100000,0x00000000f3a00000)
 ParOldGen       total 140800K, used 40907K [0x0000000080000000, 0x0000000088980000, 0x00000000d5580000)
  object space 140800K, 29% used [0x0000000080000000,0x00000000827f2f30,0x0000000088980000)
 Metaspace       used 73185K, capacity 76292K, committed 76672K, reserved 1116160K
  class space    used 10161K, capacity 10773K, committed 10880K, reserved 1048576K
Event: 21.903 GC heap after
Heap after GC invocations=13 (full 3):
 PSYoungGen      total 459264K, used 25577K [0x00000000d5580000, 0x00000000f4d80000, 0x0000000100000000)
  eden space 433664K, 0% used [0x00000000d5580000,0x00000000d5580000,0x00000000efd00000)
  from space 25600K, 99% used [0x00000000f2100000,0x00000000f39fa608,0x00000000f3a00000)
  to   space 36864K, 0% used [0x00000000efd00000,0x00000000efd00000,0x00000000f2100000)
 ParOldGen       total 140800K, used 60781K [0x0000000080000000, 0x0000000088980000, 0x00000000d5580000)
  object space 140800K, 43% used [0x0000000080000000,0x0000000083b5b530,0x0000000088980000)
 Metaspace       used 73185K, capacity 76292K, committed 76672K, reserved 1116160K
  class space    used 10161K, capacity 10773K, committed 10880K, reserved 1048576K
}
Event: 340.902 GC heap before
{Heap before GC invocations=14 (full 3):
 PSYoungGen      total 459264K, used 459241K [0x00000000d5580000, 0x00000000f4d80000, 0x0000000100000000)
  eden space 433664K, 100% used [0x00000000d5580000,0x00000000efd00000,0x00000000efd00000)
  from space 25600K, 99% used [0x00000000f2100000,0x00000000f39fa608,0x00000000f3a00000)
  to   space 36864K, 0% used [0x00000000efd00000,0x00000000efd00000,0x00000000f2100000)
 ParOldGen       total 140800K, used 60781K [0x0000000080000000, 0x0000000088980000, 0x00000000d5580000)
  object space 140800K, 43% used [0x0000000080000000,0x0000000083b5b530,0x0000000088980000)
 Metaspace       used 85610K, capacity 89390K, committed 89600K, reserved 1126400K
  class space    used 11548K, capacity 12254K, committed 12288K, reserved 1048576K
Event: 341.798 GC heap after
Heap after GC invocations=14 (full 3):
 PSYoungGen      total 470528K, used 28646K [0x00000000d5580000, 0x00000000fab80000, 0x0000000100000000)
  eden space 433664K, 0% used [0x00000000d5580000,0x00000000d5580000,0x00000000efd00000)
  from space 36864K, 77% used [0x00000000efd00000,0x00000000f18f99d8,0x00000000f2100000)
  to   space 39424K, 0% used [0x00000000f8500000,0x00000000f8500000,0x00000000fab80000)
 ParOldGen       total 140800K, used 81904K [0x0000000080000000, 0x0000000088980000, 0x00000000d5580000)
  object space 140800K, 58% used [0x0000000080000000,0x0000000084ffc000,0x0000000088980000)
 Metaspace       used 85610K, capacity 89390K, committed 89600K, reserved 1126400K
  class space    used 11548K, capacity 12254K, committed 12288K, reserved 1048576K
}
Event: 351.227 GC heap before
{Heap before GC invocations=15 (full 3):
 PSYoungGen      total 470528K, used 247359K [0x00000000d5580000, 0x00000000fab80000, 0x0000000100000000)
  eden space 433664K, 50% used [0x00000000d5580000,0x00000000e2b164b8,0x00000000efd00000)
  from space 36864K, 77% used [0x00000000efd00000,0x00000000f18f99d8,0x00000000f2100000)
  to   space 39424K, 0% used [0x00000000f8500000,0x00000000f8500000,0x00000000fab80000)
 ParOldGen       total 140800K, used 81904K [0x0000000080000000, 0x0000000088980000, 0x00000000d5580000)
  object space 140800K, 58% used [0x0000000080000000,0x0000000084ffc000,0x0000000088980000)
 Metaspace       used 94236K, capacity 98458K, committed 98560K, reserved 1134592K
  class space    used 12566K, capacity 13372K, committed 13440K, reserved 1048576K
Event: 351.356 GC heap after
Heap after GC invocations=15 (full 3):
 PSYoungGen      total 567296K, used 36832K [0x00000000d5580000, 0x00000000fb380000, 0x0000000100000000)
  eden space 527872K, 0% used [0x00000000d5580000,0x00000000d5580000,0x00000000f5900000)
  from space 39424K, 93% used [0x00000000f8500000,0x00000000fa8f8320,0x00000000fab80000)
  to   space 45056K, 0% used [0x00000000f5900000,0x00000000f5900000,0x00000000f8500000)
 ParOldGen       total 140800K, used 81912K [0x0000000080000000, 0x0000000088980000, 0x00000000d5580000)
  object space 140800K, 58% used [0x0000000080000000,0x0000000084ffe000,0x0000000088980000)
 Metaspace       used 94236K, capacity 98458K, committed 98560K, reserved 1134592K
  class space    used 12566K, capacity 13372K, committed 13440K, reserved 1048576K
}
Event: 351.356 GC heap before
{Heap before GC invocations=16 (full 4):
 PSYoungGen      total 567296K, used 36832K [0x00000000d5580000, 0x00000000fb380000, 0x0000000100000000)
  eden space 527872K, 0% used [0x00000000d5580000,0x00000000d5580000,0x00000000f5900000)
  from space 39424K, 93% used [0x00000000f8500000,0x00000000fa8f8320,0x00000000fab80000)
  to   space 45056K, 0% used [0x00000000f5900000,0x00000000f5900000,0x00000000f8500000)
 ParOldGen       total 140800K, used 81912K [0x0000000080000000, 0x0000000088980000, 0x00000000d5580000)
  object space 140800K, 58% used [0x0000000080000000,0x0000000084ffe000,0x0000000088980000)
 Metaspace       used 94236K, capacity 98458K, committed 98560K, reserved 1134592K
  class space    used 12566K, capacity 13372K, committed 13440K, reserved 1048576K
Event: 352.120 GC heap after
Heap after GC invocations=16 (full 4):
 PSYoungGen      total 567296K, used 0K [0x00000000d5580000, 0x00000000fb380000, 0x0000000100000000)
  eden space 527872K, 0% used [0x00000000d5580000,0x00000000d5580000,0x00000000f5900000)
  from space 39424K, 0% used [0x00000000f8500000,0x00000000f8500000,0x00000000fab80000)
  to   space 45056K, 0% used [0x00000000f5900000,0x00000000f5900000,0x00000000f8500000)
 ParOldGen       total 223744K, used 82420K [0x0000000080000000, 0x000000008da80000, 0x00000000d5580000)
  object space 223744K, 36% used [0x0000000080000000,0x000000008507d070,0x000000008da80000)
 Metaspace       used 94088K, capacity 98046K, committed 98560K, reserved 1134592K
  class space    used 12521K, capacity 13303K, committed 13440K, reserved 1048576K
}

