# JRE version: Java(TM) SE Runtime Environment (8.0_271-b09) (build 1.8.0_271-b09)
# Java VM: Java HotSpot(TM) 64-Bit Server VM (25.271-b09 mixed mode windows-amd64 compressed oops)
Heap:
 PSYoungGen      total 299520K, used 36591K [0x00000000d5580000, 0x00000000e9280000, 0x0000000100000000)
  eden space 275968K, 4% used [0x00000000d5580000,0x00000000d623ce60,0x00000000e6300000)
  from space 23552K, 99% used [0x00000000e6300000,0x00000000e79fedc8,0x00000000e7a00000)
  to   space 15872K, 0% used [0x00000000e7a00000,0x00000000e7a00000,0x00000000e8980000)
 ParOldGen       total 132096K, used 47027K [0x0000000080000000, 0x0000000088100000, 0x00000000d5580000)
  object space 132096K, 35% used [0x0000000080000000,0x0000000082dece00,0x0000000088100000)
 Metaspace       used 70412K, capacity 73546K, committed 73728K, reserved 1112064K
  class space    used 9810K, capacity 10372K, committed 10496K, reserved 1048576K
GC Heap History (10 events):
Event: 7.207 GC heap before
{Heap before GC invocations=10 (full 2):
 PSYoungGen      total 220160K, used 7717K [0x00000000d5580000, 0x00000000e4680000, 0x0000000100000000)
  eden space 205312K, 0% used [0x00000000d5580000,0x00000000d5580000,0x00000000e1e00000)
  from space 14848K, 51% used [0x00000000e2b80000,0x00000000e3309738,0x00000000e3a00000)
  to   space 13824K, 0% used [0x00000000e1e00000,0x00000000e1e00000,0x00000000e2b80000)
 ParOldGen       total 59392K, used 9952K [0x0000000080000000, 0x0000000083a00000, 0x00000000d5580000)
  object space 59392K, 16% used [0x0000000080000000,0x00000000809b82c0,0x0000000083a00000)
 Metaspace       used 34279K, capacity 35356K, committed 35496K, reserved 1079296K
  class space    used 4790K, capacity 5041K, committed 5120K, reserved 1048576K
Event: 7.251 GC heap after
Heap after GC invocations=10 (full 2):
 PSYoungGen      total 220160K, used 0K [0x00000000d5580000, 0x00000000e4680000, 0x0000000100000000)
  eden space 205312K, 0% used [0x00000000d5580000,0x00000000d5580000,0x00000000e1e00000)
  from space 14848K, 0% used [0x00000000e2b80000,0x00000000e2b80000,0x00000000e3a00000)
  to   space 13824K, 0% used [0x00000000e1e00000,0x00000000e1e00000,0x00000000e2b80000)
 ParOldGen       total 80896K, used 14548K [0x0000000080000000, 0x0000000084f00000, 0x00000000d5580000)
  object space 80896K, 17% used [0x0000000080000000,0x0000000080e35360,0x0000000084f00000)
 Metaspace       used 34279K, capacity 35356K, committed 35496K, reserved 1079296K
  class space    used 4790K, capacity 5041K, committed 5120K, reserved 1048576K
}
Event: 11.106 GC heap before
{Heap before GC invocations=11 (full 2):
 PSYoungGen      total 220160K, used 205312K [0x00000000d5580000, 0x00000000e4680000, 0x0000000100000000)
  eden space 205312K, 100% used [0x00000000d5580000,0x00000000e1e00000,0x00000000e1e00000)
  from space 14848K, 0% used [0x00000000e2b80000,0x00000000e2b80000,0x00000000e3a00000)
  to   space 13824K, 0% used [0x00000000e1e00000,0x00000000e1e00000,0x00000000e2b80000)
 ParOldGen       total 80896K, used 14548K [0x0000000080000000, 0x0000000084f00000, 0x00000000d5580000)
  object space 80896K, 17% used [0x0000000080000000,0x0000000080e35360,0x0000000084f00000)
 Metaspace       used 41365K, capacity 43052K, committed 43264K, reserved 1087488K
  class space    used 5723K, capacity 6074K, committed 6144K, reserved 1048576K
Event: 11.127 GC heap after
Heap after GC invocations=11 (full 2):
 PSYoungGen      total 219136K, used 13821K [0x00000000d5580000, 0x00000000e8980000, 0x0000000100000000)
  eden space 205312K, 0% used [0x00000000d5580000,0x00000000d5580000,0x00000000e1e00000)
  from space 13824K, 99% used [0x00000000e1e00000,0x00000000e2b7f6d8,0x00000000e2b80000)
  to   space 15872K, 0% used [0x00000000e7a00000,0x00000000e7a00000,0x00000000e8980000)
 ParOldGen       total 80896K, used 15268K [0x0000000080000000, 0x0000000084f00000, 0x00000000d5580000)
  object space 80896K, 18% used [0x0000000080000000,0x0000000080ee9398,0x0000000084f00000)
 Metaspace       used 41365K, capacity 43052K, committed 43264K, reserved 1087488K
  class space    used 5723K, capacity 6074K, committed 6144K, reserved 1048576K
}
Event: 16.697 GC heap before
{Heap before GC invocations=12 (full 2):
 PSYoungGen      total 219136K, used 213789K [0x00000000d5580000, 0x00000000e8980000, 0x0000000100000000)
  eden space 205312K, 97% used [0x00000000d5580000,0x00000000e18c7de8,0x00000000e1e00000)
  from space 13824K, 99% used [0x00000000e1e00000,0x00000000e2b7f6d8,0x00000000e2b80000)
  to   space 15872K, 0% used [0x00000000e7a00000,0x00000000e7a00000,0x00000000e8980000)
 ParOldGen       total 80896K, used 15268K [0x0000000080000000, 0x0000000084f00000, 0x00000000d5580000)
  object space 80896K, 18% used [0x0000000080000000,0x0000000080ee9398,0x0000000084f00000)
 Metaspace       used 56927K, capacity 58984K, committed 59136K, reserved 1099776K
  class space    used 7938K, capacity 8363K, committed 8448K, reserved 1048576K
Event: 16.724 GC heap after
Heap after GC invocations=12 (full 2):
 PSYoungGen      total 291840K, used 15844K [0x00000000d5580000, 0x00000000e9280000, 0x0000000100000000)
  eden space 275968K, 0% used [0x00000000d5580000,0x00000000d5580000,0x00000000e6300000)
  from space 15872K, 99% used [0x00000000e7a00000,0x00000000e8979300,0x00000000e8980000)
  to   space 23552K, 0% used [0x00000000e6300000,0x00000000e6300000,0x00000000e7a00000)
 ParOldGen       total 80896K, used 30925K [0x0000000080000000, 0x0000000084f00000, 0x00000000d5580000)
  object space 80896K, 38% used [0x0000000080000000,0x0000000081e33690,0x0000000084f00000)
 Metaspace       used 56927K, capacity 58984K, committed 59136K, reserved 1099776K
  class space    used 7938K, capacity 8363K, committed 8448K, reserved 1048576K
}
Event: 16.724 GC heap before
{Heap before GC invocations=13 (full 3):
 PSYoungGen      total 291840K, used 15844K [0x00000000d5580000, 0x00000000e9280000, 0x0000000100000000)
  eden space 275968K, 0% used [0x00000000d5580000,0x00000000d5580000,0x00000000e6300000)
  from space 15872K, 99% used [0x00000000e7a00000,0x00000000e8979300,0x00000000e8980000)
  to   space 23552K, 0% used [0x00000000e6300000,0x00000000e6300000,0x00000000e7a00000)
 ParOldGen       total 80896K, used 30925K [0x0000000080000000, 0x0000000084f00000, 0x00000000d5580000)
  object space 80896K, 38% used [0x0000000080000000,0x0000000081e33690,0x0000000084f00000)
 Metaspace       used 56927K, capacity 58984K, committed 59136K, reserved 1099776K
  class space    used 7938K, capacity 8363K, committed 8448K, reserved 1048576K
Event: 16.897 GC heap after
Heap after GC invocations=13 (full 3):
 PSYoungGen      total 291840K, used 0K [0x00000000d5580000, 0x00000000e9280000, 0x0000000100000000)
  eden space 275968K, 0% used [0x00000000d5580000,0x00000000d5580000,0x00000000e6300000)
  from space 15872K, 0% used [0x00000000e7a00000,0x00000000e7a00000,0x00000000e8980000)
  to   space 23552K, 0% used [0x00000000e6300000,0x00000000e6300000,0x00000000e7a00000)
 ParOldGen       total 132096K, used 44273K [0x0000000080000000, 0x0000000088100000, 0x00000000d5580000)
  object space 132096K, 33% used [0x0000000080000000,0x0000000082b3c698,0x0000000088100000)
 Metaspace       used 56907K, capacity 58918K, committed 59136K, reserved 1099776K
  class space    used 7932K, capacity 8352K, committed 8448K, reserved 1048576K
}
Event: 68.249 GC heap before
{Heap before GC invocations=14 (full 3):
 PSYoungGen      total 291840K, used 275968K [0x00000000d5580000, 0x00000000e9280000, 0x0000000100000000)
  eden space 275968K, 100% used [0x00000000d5580000,0x00000000e6300000,0x00000000e6300000)
  from space 15872K, 0% used [0x00000000e7a00000,0x00000000e7a00000,0x00000000e8980000)
  to   space 23552K, 0% used [0x00000000e6300000,0x00000000e6300000,0x00000000e7a00000)
 ParOldGen       total 132096K, used 44273K [0x0000000080000000, 0x0000000088100000, 0x00000000d5580000)
  object space 132096K, 33% used [0x0000000080000000,0x0000000082b3c698,0x0000000088100000)
 Metaspace       used 70371K, capacity 73478K, committed 73728K, reserved 1112064K
  class space    used 9810K, capacity 10372K, committed 10496K, reserved 1048576K
Event: 68.628 GC heap after
Heap after GC invocations=14 (full 3):
 PSYoungGen      total 299520K, used 23547K [0x00000000d5580000, 0x00000000e9280000, 0x0000000100000000)
  eden space 275968K, 0% used [0x00000000d5580000,0x00000000d5580000,0x00000000e6300000)
  from space 23552K, 99% used [0x00000000e6300000,0x00000000e79fedc8,0x00000000e7a00000)
  to   space 15872K, 0% used [0x00000000e7a00000,0x00000000e7a00000,0x00000000e8980000)
 ParOldGen       total 132096K, used 47027K [0x0000000080000000, 0x0000000088100000, 0x00000000d5580000)
  object space 132096K, 35% used [0x0000000080000000,0x0000000082dece00,0x0000000088100000)
 Metaspace       used 70371K, capacity 73478K, committed 73728K, reserved 1112064K
  class space    used 9810K, capacity 10372K, committed 10496K, reserved 1048576K
}

